2022-12-09 14:15:00,475:INFO:PyCaret Supervised Module
2022-12-09 14:15:00,476:INFO:ML Usecase: classification
2022-12-09 14:15:00,476:INFO:version 2.3.10
2022-12-09 14:15:00,476:INFO:Initializing setup()
2022-12-09 14:15:00,476:INFO:setup(target=RESPONSE, ml_usecase=classification, available_plots={'parameter': 'Hyperparameters', 'auc': 'AUC', 'confusion_matrix': 'Confusion Matrix', 'threshold': 'Threshold', 'pr': 'Precision Recall', 'error': 'Prediction Error', 'class_report': 'Class Report', 'rfe': 'Feature Selection', 'learning': 'Learning Curve', 'manifold': 'Manifold Learning', 'calibration': 'Calibration Curve', 'vc': 'Validation Curve', 'dimension': 'Dimensions', 'feature': 'Feature Importance', 'feature_all': 'Feature Importance (All)', 'boundary': 'Decision Boundary', 'lift': 'Lift Chart', 'gain': 'Gain Chart', 'tree': 'Decision Tree', 'ks': 'KS Statistic Plot'}, train_size=0.7, test_data=None, preprocess=True, imputation_type=simple, iterative_imputation_iters=5, categorical_features=None, categorical_imputation=constant, categorical_iterative_imputer=lightgbm, ordinal_features=None, high_cardinality_features=None, high_cardinality_method=frequency, numeric_features=None, numeric_imputation=mean, numeric_iterative_imputer=lightgbm, date_features=None, ignore_features=None, normalize=True, normalize_method=zscore, transformation=False, transformation_method=yeo-johnson, handle_unknown_categorical=True, unknown_categorical_method=least_frequent, pca=False, pca_method=linear, pca_components=None, ignore_low_variance=False, combine_rare_levels=False, rare_level_threshold=0.1, bin_numeric_features=None, remove_outliers=False, outliers_threshold=0.05, remove_multicollinearity=False, multicollinearity_threshold=0.9, remove_perfect_collinearity=True, create_clusters=False, cluster_iter=20, polynomial_features=False, polynomial_degree=2, trigonometry_features=False, polynomial_threshold=0.1, group_features=None, group_names=None, feature_selection=False, feature_selection_threshold=0.8, feature_selection_method=classic, feature_interaction=False, feature_ratio=False, interaction_threshold=0.01, fix_imbalance=True, fix_imbalance_method=None, transform_target=False, transform_target_method=box-cox, data_split_shuffle=True, data_split_stratify=False, fold_strategy=stratifiedkfold, fold=10, fold_shuffle=False, fold_groups=None, n_jobs=-1, use_gpu=False, custom_pipeline=None, html=True, session_id=None, log_experiment=False, experiment_name=None, experiment_custom_tags=None, log_plots=False, log_profile=False, log_data=False, silent=False, verbose=True, profile=False, profile_kwargs=None, display=None)
2022-12-09 14:15:00,476:INFO:Checking environment
2022-12-09 14:15:00,477:INFO:python_version: 3.8.8
2022-12-09 14:15:00,477:INFO:python_build: ('default', 'Apr 13 2021 15:08:03')
2022-12-09 14:15:00,477:INFO:machine: AMD64
2022-12-09 14:15:00,477:INFO:platform: Windows-10-10.0.19041-SP0
2022-12-09 14:15:00,477:INFO:Memory: svmem(total=17059753984, available=8617390080, percent=49.5, used=8442363904, free=8617390080)
2022-12-09 14:15:00,477:INFO:Physical Core: 4
2022-12-09 14:15:00,477:INFO:Logical Core: 8
2022-12-09 14:15:00,477:INFO:Checking libraries
2022-12-09 14:15:00,478:INFO:pd==1.2.4
2022-12-09 14:15:00,478:INFO:numpy==1.20.1
2022-12-09 14:15:00,478:INFO:sklearn==1.1.1
2022-12-09 14:16:56,827:INFO:PyCaret Supervised Module
2022-12-09 14:16:56,827:INFO:ML Usecase: classification
2022-12-09 14:16:56,827:INFO:version 2.3.10
2022-12-09 14:16:56,827:INFO:Initializing setup()
2022-12-09 14:16:56,827:INFO:setup(target=RESPONSE, ml_usecase=classification, available_plots={'parameter': 'Hyperparameters', 'auc': 'AUC', 'confusion_matrix': 'Confusion Matrix', 'threshold': 'Threshold', 'pr': 'Precision Recall', 'error': 'Prediction Error', 'class_report': 'Class Report', 'rfe': 'Feature Selection', 'learning': 'Learning Curve', 'manifold': 'Manifold Learning', 'calibration': 'Calibration Curve', 'vc': 'Validation Curve', 'dimension': 'Dimensions', 'feature': 'Feature Importance', 'feature_all': 'Feature Importance (All)', 'boundary': 'Decision Boundary', 'lift': 'Lift Chart', 'gain': 'Gain Chart', 'tree': 'Decision Tree', 'ks': 'KS Statistic Plot'}, train_size=0.7, test_data=None, preprocess=True, imputation_type=simple, iterative_imputation_iters=5, categorical_features=None, categorical_imputation=constant, categorical_iterative_imputer=lightgbm, ordinal_features=None, high_cardinality_features=None, high_cardinality_method=frequency, numeric_features=None, numeric_imputation=mean, numeric_iterative_imputer=lightgbm, date_features=None, ignore_features=None, normalize=True, normalize_method=zscore, transformation=False, transformation_method=yeo-johnson, handle_unknown_categorical=True, unknown_categorical_method=least_frequent, pca=False, pca_method=linear, pca_components=None, ignore_low_variance=False, combine_rare_levels=False, rare_level_threshold=0.1, bin_numeric_features=None, remove_outliers=False, outliers_threshold=0.05, remove_multicollinearity=False, multicollinearity_threshold=0.9, remove_perfect_collinearity=True, create_clusters=False, cluster_iter=20, polynomial_features=False, polynomial_degree=2, trigonometry_features=False, polynomial_threshold=0.1, group_features=None, group_names=None, feature_selection=False, feature_selection_threshold=0.8, feature_selection_method=classic, feature_interaction=False, feature_ratio=False, interaction_threshold=0.01, fix_imbalance=True, fix_imbalance_method=None, transform_target=False, transform_target_method=box-cox, data_split_shuffle=True, data_split_stratify=False, fold_strategy=stratifiedkfold, fold=10, fold_shuffle=False, fold_groups=None, n_jobs=-1, use_gpu=False, custom_pipeline=None, html=True, session_id=None, log_experiment=False, experiment_name=None, experiment_custom_tags=None, log_plots=False, log_profile=False, log_data=False, silent=False, verbose=True, profile=False, profile_kwargs=None, display=None)
2022-12-09 14:16:56,828:INFO:Checking environment
2022-12-09 14:16:56,828:INFO:python_version: 3.8.8
2022-12-09 14:16:56,828:INFO:python_build: ('default', 'Apr 13 2021 15:08:03')
2022-12-09 14:16:56,828:INFO:machine: AMD64
2022-12-09 14:16:56,828:INFO:platform: Windows-10-10.0.19041-SP0
2022-12-09 14:16:56,828:INFO:Memory: svmem(total=17059753984, available=8672366592, percent=49.2, used=8387387392, free=8672366592)
2022-12-09 14:16:56,829:INFO:Physical Core: 4
2022-12-09 14:16:56,829:INFO:Logical Core: 8
2022-12-09 14:16:56,829:INFO:Checking libraries
2022-12-09 14:16:56,829:INFO:pd==1.2.4
2022-12-09 14:16:56,829:INFO:numpy==1.20.1
2022-12-09 14:16:56,829:INFO:sklearn==1.1.1
2022-12-09 14:19:15,427:INFO:PyCaret Supervised Module
2022-12-09 14:19:15,427:INFO:ML Usecase: classification
2022-12-09 14:19:15,427:INFO:version 2.3.10
2022-12-09 14:19:15,428:INFO:Initializing setup()
2022-12-09 14:19:15,428:INFO:setup(target=RESPONSE, ml_usecase=classification, available_plots={'parameter': 'Hyperparameters', 'auc': 'AUC', 'confusion_matrix': 'Confusion Matrix', 'threshold': 'Threshold', 'pr': 'Precision Recall', 'error': 'Prediction Error', 'class_report': 'Class Report', 'rfe': 'Feature Selection', 'learning': 'Learning Curve', 'manifold': 'Manifold Learning', 'calibration': 'Calibration Curve', 'vc': 'Validation Curve', 'dimension': 'Dimensions', 'feature': 'Feature Importance', 'feature_all': 'Feature Importance (All)', 'boundary': 'Decision Boundary', 'lift': 'Lift Chart', 'gain': 'Gain Chart', 'tree': 'Decision Tree', 'ks': 'KS Statistic Plot'}, train_size=0.7, test_data=None, preprocess=True, imputation_type=simple, iterative_imputation_iters=5, categorical_features=None, categorical_imputation=constant, categorical_iterative_imputer=lightgbm, ordinal_features=None, high_cardinality_features=None, high_cardinality_method=frequency, numeric_features=None, numeric_imputation=mean, numeric_iterative_imputer=lightgbm, date_features=None, ignore_features=None, normalize=True, normalize_method=zscore, transformation=False, transformation_method=yeo-johnson, handle_unknown_categorical=True, unknown_categorical_method=least_frequent, pca=False, pca_method=linear, pca_components=None, ignore_low_variance=False, combine_rare_levels=False, rare_level_threshold=0.1, bin_numeric_features=None, remove_outliers=False, outliers_threshold=0.05, remove_multicollinearity=False, multicollinearity_threshold=0.9, remove_perfect_collinearity=True, create_clusters=False, cluster_iter=20, polynomial_features=False, polynomial_degree=2, trigonometry_features=False, polynomial_threshold=0.1, group_features=None, group_names=None, feature_selection=False, feature_selection_threshold=0.8, feature_selection_method=classic, feature_interaction=False, feature_ratio=False, interaction_threshold=0.01, fix_imbalance=True, fix_imbalance_method=None, transform_target=False, transform_target_method=box-cox, data_split_shuffle=True, data_split_stratify=False, fold_strategy=stratifiedkfold, fold=10, fold_shuffle=False, fold_groups=None, n_jobs=-1, use_gpu=False, custom_pipeline=None, html=True, session_id=None, log_experiment=False, experiment_name=None, experiment_custom_tags=None, log_plots=False, log_profile=False, log_data=False, silent=False, verbose=True, profile=False, profile_kwargs=None, display=None)
2022-12-09 14:19:15,428:INFO:Checking environment
2022-12-09 14:19:15,428:INFO:python_version: 3.8.8
2022-12-09 14:19:15,428:INFO:python_build: ('default', 'Apr 13 2021 15:08:03')
2022-12-09 14:19:15,428:INFO:machine: AMD64
2022-12-09 14:19:15,429:INFO:platform: Windows-10-10.0.19041-SP0
2022-12-09 14:19:15,429:INFO:Memory: svmem(total=17059753984, available=6856388608, percent=59.8, used=10203365376, free=6856388608)
2022-12-09 14:19:15,429:INFO:Physical Core: 4
2022-12-09 14:19:15,429:INFO:Logical Core: 8
2022-12-09 14:19:15,429:INFO:Checking libraries
2022-12-09 14:19:15,429:INFO:pd==1.2.4
2022-12-09 14:19:15,429:INFO:numpy==1.20.1
2022-12-09 14:19:15,429:INFO:sklearn==1.1.1
2022-12-09 14:20:30,607:INFO:PyCaret Supervised Module
2022-12-09 14:20:30,607:INFO:ML Usecase: classification
2022-12-09 14:20:30,607:INFO:version 2.3.10
2022-12-09 14:20:30,607:INFO:Initializing setup()
2022-12-09 14:20:30,607:INFO:setup(target=RESPONSE, ml_usecase=classification, available_plots={'parameter': 'Hyperparameters', 'auc': 'AUC', 'confusion_matrix': 'Confusion Matrix', 'threshold': 'Threshold', 'pr': 'Precision Recall', 'error': 'Prediction Error', 'class_report': 'Class Report', 'rfe': 'Feature Selection', 'learning': 'Learning Curve', 'manifold': 'Manifold Learning', 'calibration': 'Calibration Curve', 'vc': 'Validation Curve', 'dimension': 'Dimensions', 'feature': 'Feature Importance', 'feature_all': 'Feature Importance (All)', 'boundary': 'Decision Boundary', 'lift': 'Lift Chart', 'gain': 'Gain Chart', 'tree': 'Decision Tree', 'ks': 'KS Statistic Plot'}, train_size=0.7, test_data=None, preprocess=True, imputation_type=simple, iterative_imputation_iters=5, categorical_features=None, categorical_imputation=constant, categorical_iterative_imputer=lightgbm, ordinal_features=None, high_cardinality_features=None, high_cardinality_method=frequency, numeric_features=None, numeric_imputation=mean, numeric_iterative_imputer=lightgbm, date_features=None, ignore_features=None, normalize=True, normalize_method=zscore, transformation=False, transformation_method=yeo-johnson, handle_unknown_categorical=True, unknown_categorical_method=least_frequent, pca=False, pca_method=linear, pca_components=None, ignore_low_variance=False, combine_rare_levels=False, rare_level_threshold=0.1, bin_numeric_features=None, remove_outliers=False, outliers_threshold=0.05, remove_multicollinearity=False, multicollinearity_threshold=0.9, remove_perfect_collinearity=True, create_clusters=False, cluster_iter=20, polynomial_features=False, polynomial_degree=2, trigonometry_features=False, polynomial_threshold=0.1, group_features=None, group_names=None, feature_selection=False, feature_selection_threshold=0.8, feature_selection_method=classic, feature_interaction=False, feature_ratio=False, interaction_threshold=0.01, fix_imbalance=True, fix_imbalance_method=None, transform_target=False, transform_target_method=box-cox, data_split_shuffle=True, data_split_stratify=False, fold_strategy=stratifiedkfold, fold=10, fold_shuffle=False, fold_groups=None, n_jobs=-1, use_gpu=False, custom_pipeline=None, html=True, session_id=None, log_experiment=False, experiment_name=None, experiment_custom_tags=None, log_plots=False, log_profile=False, log_data=False, silent=False, verbose=True, profile=False, profile_kwargs=None, display=None)
2022-12-09 14:20:30,608:INFO:Checking environment
2022-12-09 14:20:30,608:INFO:python_version: 3.8.8
2022-12-09 14:20:30,608:INFO:python_build: ('default', 'Apr 13 2021 15:08:03')
2022-12-09 14:20:30,608:INFO:machine: AMD64
2022-12-09 14:20:30,608:INFO:platform: Windows-10-10.0.19041-SP0
2022-12-09 14:20:30,608:INFO:Memory: svmem(total=17059753984, available=7281606656, percent=57.3, used=9778147328, free=7281606656)
2022-12-09 14:20:30,608:INFO:Physical Core: 4
2022-12-09 14:20:30,609:INFO:Logical Core: 8
2022-12-09 14:20:30,609:INFO:Checking libraries
2022-12-09 14:20:30,609:INFO:pd==1.2.4
2022-12-09 14:20:30,609:INFO:numpy==1.20.1
2022-12-09 14:20:30,609:INFO:sklearn==1.1.1
2022-12-09 14:20:51,987:INFO:PyCaret Supervised Module
2022-12-09 14:20:51,987:INFO:ML Usecase: classification
2022-12-09 14:20:51,988:INFO:version 2.3.10
2022-12-09 14:20:51,988:INFO:Initializing setup()
2022-12-09 14:20:51,988:INFO:setup(target=RESPONSE, ml_usecase=classification, available_plots={'parameter': 'Hyperparameters', 'auc': 'AUC', 'confusion_matrix': 'Confusion Matrix', 'threshold': 'Threshold', 'pr': 'Precision Recall', 'error': 'Prediction Error', 'class_report': 'Class Report', 'rfe': 'Feature Selection', 'learning': 'Learning Curve', 'manifold': 'Manifold Learning', 'calibration': 'Calibration Curve', 'vc': 'Validation Curve', 'dimension': 'Dimensions', 'feature': 'Feature Importance', 'feature_all': 'Feature Importance (All)', 'boundary': 'Decision Boundary', 'lift': 'Lift Chart', 'gain': 'Gain Chart', 'tree': 'Decision Tree', 'ks': 'KS Statistic Plot'}, train_size=0.7, test_data=None, preprocess=True, imputation_type=simple, iterative_imputation_iters=5, categorical_features=None, categorical_imputation=constant, categorical_iterative_imputer=lightgbm, ordinal_features=None, high_cardinality_features=None, high_cardinality_method=frequency, numeric_features=None, numeric_imputation=mean, numeric_iterative_imputer=lightgbm, date_features=None, ignore_features=None, normalize=True, normalize_method=zscore, transformation=False, transformation_method=yeo-johnson, handle_unknown_categorical=True, unknown_categorical_method=least_frequent, pca=False, pca_method=linear, pca_components=None, ignore_low_variance=False, combine_rare_levels=False, rare_level_threshold=0.1, bin_numeric_features=None, remove_outliers=False, outliers_threshold=0.05, remove_multicollinearity=False, multicollinearity_threshold=0.9, remove_perfect_collinearity=True, create_clusters=False, cluster_iter=20, polynomial_features=False, polynomial_degree=2, trigonometry_features=False, polynomial_threshold=0.1, group_features=None, group_names=None, feature_selection=False, feature_selection_threshold=0.8, feature_selection_method=classic, feature_interaction=False, feature_ratio=False, interaction_threshold=0.01, fix_imbalance=True, fix_imbalance_method=None, transform_target=False, transform_target_method=box-cox, data_split_shuffle=True, data_split_stratify=False, fold_strategy=stratifiedkfold, fold=10, fold_shuffle=False, fold_groups=None, n_jobs=-1, use_gpu=False, custom_pipeline=None, html=True, session_id=None, log_experiment=False, experiment_name=None, experiment_custom_tags=None, log_plots=False, log_profile=False, log_data=False, silent=False, verbose=True, profile=False, profile_kwargs=None, display=None)
2022-12-09 14:20:51,988:INFO:Checking environment
2022-12-09 14:20:51,988:INFO:python_version: 3.8.8
2022-12-09 14:20:51,988:INFO:python_build: ('default', 'Apr 13 2021 15:08:03')
2022-12-09 14:20:51,988:INFO:machine: AMD64
2022-12-09 14:20:51,988:INFO:platform: Windows-10-10.0.19041-SP0
2022-12-09 14:20:51,988:INFO:Memory: svmem(total=17059753984, available=7369752576, percent=56.8, used=9690001408, free=7369752576)
2022-12-09 14:20:51,988:INFO:Physical Core: 4
2022-12-09 14:20:51,989:INFO:Logical Core: 8
2022-12-09 14:20:51,989:INFO:Checking libraries
2022-12-09 14:20:51,989:INFO:pd==1.2.4
2022-12-09 14:20:51,989:INFO:numpy==1.20.1
2022-12-09 14:20:51,989:INFO:sklearn==1.1.1
2022-12-09 14:22:44,616:INFO:PyCaret Supervised Module
2022-12-09 14:22:44,616:INFO:ML Usecase: classification
2022-12-09 14:22:44,616:INFO:version 2.3.10
2022-12-09 14:22:44,616:INFO:Initializing setup()
2022-12-09 14:22:44,616:INFO:setup(target=RESPONSE, ml_usecase=classification, available_plots={'parameter': 'Hyperparameters', 'auc': 'AUC', 'confusion_matrix': 'Confusion Matrix', 'threshold': 'Threshold', 'pr': 'Precision Recall', 'error': 'Prediction Error', 'class_report': 'Class Report', 'rfe': 'Feature Selection', 'learning': 'Learning Curve', 'manifold': 'Manifold Learning', 'calibration': 'Calibration Curve', 'vc': 'Validation Curve', 'dimension': 'Dimensions', 'feature': 'Feature Importance', 'feature_all': 'Feature Importance (All)', 'boundary': 'Decision Boundary', 'lift': 'Lift Chart', 'gain': 'Gain Chart', 'tree': 'Decision Tree', 'ks': 'KS Statistic Plot'}, train_size=0.7, test_data=None, preprocess=True, imputation_type=simple, iterative_imputation_iters=5, categorical_features=None, categorical_imputation=constant, categorical_iterative_imputer=lightgbm, ordinal_features=None, high_cardinality_features=None, high_cardinality_method=frequency, numeric_features=None, numeric_imputation=mean, numeric_iterative_imputer=lightgbm, date_features=None, ignore_features=None, normalize=True, normalize_method=zscore, transformation=False, transformation_method=yeo-johnson, handle_unknown_categorical=True, unknown_categorical_method=least_frequent, pca=False, pca_method=linear, pca_components=None, ignore_low_variance=False, combine_rare_levels=False, rare_level_threshold=0.1, bin_numeric_features=None, remove_outliers=False, outliers_threshold=0.05, remove_multicollinearity=False, multicollinearity_threshold=0.9, remove_perfect_collinearity=True, create_clusters=False, cluster_iter=20, polynomial_features=False, polynomial_degree=2, trigonometry_features=False, polynomial_threshold=0.1, group_features=None, group_names=None, feature_selection=False, feature_selection_threshold=0.8, feature_selection_method=classic, feature_interaction=False, feature_ratio=False, interaction_threshold=0.01, fix_imbalance=True, fix_imbalance_method=None, transform_target=False, transform_target_method=box-cox, data_split_shuffle=True, data_split_stratify=False, fold_strategy=stratifiedkfold, fold=10, fold_shuffle=False, fold_groups=None, n_jobs=-1, use_gpu=False, custom_pipeline=None, html=True, session_id=None, log_experiment=False, experiment_name=None, experiment_custom_tags=None, log_plots=False, log_profile=False, log_data=False, silent=False, verbose=True, profile=False, profile_kwargs=None, display=None)
2022-12-09 14:22:44,616:INFO:Checking environment
2022-12-09 14:22:44,616:INFO:python_version: 3.8.8
2022-12-09 14:22:44,617:INFO:python_build: ('default', 'Apr 13 2021 15:08:03')
2022-12-09 14:22:44,617:INFO:machine: AMD64
2022-12-09 14:22:44,617:INFO:platform: Windows-10-10.0.19041-SP0
2022-12-09 14:22:44,617:INFO:Memory: svmem(total=17059753984, available=8390295552, percent=50.8, used=8669458432, free=8390295552)
2022-12-09 14:22:44,617:INFO:Physical Core: 4
2022-12-09 14:22:44,617:INFO:Logical Core: 8
2022-12-09 14:22:44,617:INFO:Checking libraries
2022-12-09 14:22:44,617:INFO:pd==1.2.4
2022-12-09 14:22:44,618:INFO:numpy==1.20.1
2022-12-09 14:22:44,618:INFO:sklearn==1.1.1
2022-12-09 16:56:13,517:INFO:PyCaret Supervised Module
2022-12-09 16:56:13,518:INFO:ML Usecase: classification
2022-12-09 16:56:13,518:INFO:version 2.3.10
2022-12-09 16:56:13,518:INFO:Initializing setup()
2022-12-09 16:56:13,518:INFO:setup(target=RESPONSE, ml_usecase=classification, available_plots={'parameter': 'Hyperparameters', 'auc': 'AUC', 'confusion_matrix': 'Confusion Matrix', 'threshold': 'Threshold', 'pr': 'Precision Recall', 'error': 'Prediction Error', 'class_report': 'Class Report', 'rfe': 'Feature Selection', 'learning': 'Learning Curve', 'manifold': 'Manifold Learning', 'calibration': 'Calibration Curve', 'vc': 'Validation Curve', 'dimension': 'Dimensions', 'feature': 'Feature Importance', 'feature_all': 'Feature Importance (All)', 'boundary': 'Decision Boundary', 'lift': 'Lift Chart', 'gain': 'Gain Chart', 'tree': 'Decision Tree', 'ks': 'KS Statistic Plot'}, train_size=0.7, test_data=None, preprocess=True, imputation_type=simple, iterative_imputation_iters=5, categorical_features=None, categorical_imputation=constant, categorical_iterative_imputer=lightgbm, ordinal_features=None, high_cardinality_features=None, high_cardinality_method=frequency, numeric_features=None, numeric_imputation=mean, numeric_iterative_imputer=lightgbm, date_features=None, ignore_features=None, normalize=True, normalize_method=zscore, transformation=False, transformation_method=yeo-johnson, handle_unknown_categorical=True, unknown_categorical_method=least_frequent, pca=False, pca_method=linear, pca_components=None, ignore_low_variance=False, combine_rare_levels=False, rare_level_threshold=0.1, bin_numeric_features=None, remove_outliers=False, outliers_threshold=0.05, remove_multicollinearity=False, multicollinearity_threshold=0.9, remove_perfect_collinearity=True, create_clusters=False, cluster_iter=20, polynomial_features=False, polynomial_degree=2, trigonometry_features=False, polynomial_threshold=0.1, group_features=None, group_names=None, feature_selection=False, feature_selection_threshold=0.8, feature_selection_method=classic, feature_interaction=False, feature_ratio=False, interaction_threshold=0.01, fix_imbalance=True, fix_imbalance_method=None, transform_target=False, transform_target_method=box-cox, data_split_shuffle=True, data_split_stratify=False, fold_strategy=stratifiedkfold, fold=10, fold_shuffle=False, fold_groups=None, n_jobs=-1, use_gpu=False, custom_pipeline=None, html=True, session_id=None, log_experiment=False, experiment_name=None, experiment_custom_tags=None, log_plots=False, log_profile=False, log_data=False, silent=False, verbose=True, profile=False, profile_kwargs=None, display=None)
2022-12-09 16:56:13,518:INFO:Checking environment
2022-12-09 16:56:13,518:INFO:python_version: 3.8.8
2022-12-09 16:56:13,518:INFO:python_build: ('default', 'Apr 13 2021 15:08:03')
2022-12-09 16:56:13,518:INFO:machine: AMD64
2022-12-09 16:56:13,518:INFO:platform: Windows-10-10.0.19041-SP0
2022-12-09 16:56:13,518:INFO:Memory: svmem(total=17059753984, available=9299591168, percent=45.5, used=7760162816, free=9299591168)
2022-12-09 16:56:13,518:INFO:Physical Core: 4
2022-12-09 16:56:13,518:INFO:Logical Core: 8
2022-12-09 16:56:13,518:INFO:Checking libraries
2022-12-09 16:56:13,519:INFO:pd==1.2.4
2022-12-09 16:56:13,519:INFO:numpy==1.20.1
2022-12-09 16:56:13,519:INFO:sklearn==1.1.1
2022-12-09 16:57:05,981:INFO:PyCaret Supervised Module
2022-12-09 16:57:05,981:INFO:ML Usecase: classification
2022-12-09 16:57:05,982:INFO:version 2.3.10
2022-12-09 16:57:05,982:INFO:Initializing setup()
2022-12-09 16:57:05,982:INFO:setup(target=RESPONSE, ml_usecase=classification, available_plots={'parameter': 'Hyperparameters', 'auc': 'AUC', 'confusion_matrix': 'Confusion Matrix', 'threshold': 'Threshold', 'pr': 'Precision Recall', 'error': 'Prediction Error', 'class_report': 'Class Report', 'rfe': 'Feature Selection', 'learning': 'Learning Curve', 'manifold': 'Manifold Learning', 'calibration': 'Calibration Curve', 'vc': 'Validation Curve', 'dimension': 'Dimensions', 'feature': 'Feature Importance', 'feature_all': 'Feature Importance (All)', 'boundary': 'Decision Boundary', 'lift': 'Lift Chart', 'gain': 'Gain Chart', 'tree': 'Decision Tree', 'ks': 'KS Statistic Plot'}, train_size=0.7, test_data=None, preprocess=True, imputation_type=simple, iterative_imputation_iters=5, categorical_features=None, categorical_imputation=constant, categorical_iterative_imputer=lightgbm, ordinal_features=None, high_cardinality_features=None, high_cardinality_method=frequency, numeric_features=None, numeric_imputation=mean, numeric_iterative_imputer=lightgbm, date_features=None, ignore_features=None, normalize=True, normalize_method=zscore, transformation=False, transformation_method=yeo-johnson, handle_unknown_categorical=True, unknown_categorical_method=least_frequent, pca=False, pca_method=linear, pca_components=None, ignore_low_variance=False, combine_rare_levels=False, rare_level_threshold=0.1, bin_numeric_features=None, remove_outliers=False, outliers_threshold=0.05, remove_multicollinearity=False, multicollinearity_threshold=0.9, remove_perfect_collinearity=True, create_clusters=False, cluster_iter=20, polynomial_features=False, polynomial_degree=2, trigonometry_features=False, polynomial_threshold=0.1, group_features=None, group_names=None, feature_selection=False, feature_selection_threshold=0.8, feature_selection_method=classic, feature_interaction=False, feature_ratio=False, interaction_threshold=0.01, fix_imbalance=True, fix_imbalance_method=None, transform_target=False, transform_target_method=box-cox, data_split_shuffle=True, data_split_stratify=False, fold_strategy=stratifiedkfold, fold=10, fold_shuffle=False, fold_groups=None, n_jobs=-1, use_gpu=False, custom_pipeline=None, html=True, session_id=None, log_experiment=False, experiment_name=None, experiment_custom_tags=None, log_plots=False, log_profile=False, log_data=False, silent=False, verbose=True, profile=False, profile_kwargs=None, display=None)
2022-12-09 16:57:05,982:INFO:Checking environment
2022-12-09 16:57:05,982:INFO:python_version: 3.8.8
2022-12-09 16:57:05,982:INFO:python_build: ('default', 'Apr 13 2021 15:08:03')
2022-12-09 16:57:05,982:INFO:machine: AMD64
2022-12-09 16:57:05,982:INFO:platform: Windows-10-10.0.19041-SP0
2022-12-09 16:57:05,982:INFO:Memory: svmem(total=17059753984, available=9341612032, percent=45.2, used=7718141952, free=9341612032)
2022-12-09 16:57:05,982:INFO:Physical Core: 4
2022-12-09 16:57:05,982:INFO:Logical Core: 8
2022-12-09 16:57:05,982:INFO:Checking libraries
2022-12-09 16:57:05,983:INFO:pd==1.2.4
2022-12-09 16:57:05,983:INFO:numpy==1.20.1
2022-12-09 16:57:05,983:INFO:sklearn==1.1.1
2022-12-09 16:57:40,653:INFO:PyCaret Supervised Module
2022-12-09 16:57:40,653:INFO:ML Usecase: classification
2022-12-09 16:57:40,653:INFO:version 2.3.10
2022-12-09 16:57:40,653:INFO:Initializing setup()
2022-12-09 16:57:40,654:INFO:setup(target=RESPONSE, ml_usecase=classification, available_plots={'parameter': 'Hyperparameters', 'auc': 'AUC', 'confusion_matrix': 'Confusion Matrix', 'threshold': 'Threshold', 'pr': 'Precision Recall', 'error': 'Prediction Error', 'class_report': 'Class Report', 'rfe': 'Feature Selection', 'learning': 'Learning Curve', 'manifold': 'Manifold Learning', 'calibration': 'Calibration Curve', 'vc': 'Validation Curve', 'dimension': 'Dimensions', 'feature': 'Feature Importance', 'feature_all': 'Feature Importance (All)', 'boundary': 'Decision Boundary', 'lift': 'Lift Chart', 'gain': 'Gain Chart', 'tree': 'Decision Tree', 'ks': 'KS Statistic Plot'}, train_size=0.7, test_data=None, preprocess=True, imputation_type=simple, iterative_imputation_iters=5, categorical_features=None, categorical_imputation=constant, categorical_iterative_imputer=lightgbm, ordinal_features=None, high_cardinality_features=None, high_cardinality_method=frequency, numeric_features=None, numeric_imputation=mean, numeric_iterative_imputer=lightgbm, date_features=None, ignore_features=None, normalize=True, normalize_method=zscore, transformation=False, transformation_method=yeo-johnson, handle_unknown_categorical=True, unknown_categorical_method=least_frequent, pca=False, pca_method=linear, pca_components=None, ignore_low_variance=False, combine_rare_levels=False, rare_level_threshold=0.1, bin_numeric_features=None, remove_outliers=False, outliers_threshold=0.05, remove_multicollinearity=False, multicollinearity_threshold=0.9, remove_perfect_collinearity=True, create_clusters=False, cluster_iter=20, polynomial_features=False, polynomial_degree=2, trigonometry_features=False, polynomial_threshold=0.1, group_features=None, group_names=None, feature_selection=False, feature_selection_threshold=0.8, feature_selection_method=classic, feature_interaction=False, feature_ratio=False, interaction_threshold=0.01, fix_imbalance=True, fix_imbalance_method=None, transform_target=False, transform_target_method=box-cox, data_split_shuffle=True, data_split_stratify=False, fold_strategy=stratifiedkfold, fold=10, fold_shuffle=False, fold_groups=None, n_jobs=-1, use_gpu=False, custom_pipeline=None, html=True, session_id=None, log_experiment=False, experiment_name=None, experiment_custom_tags=None, log_plots=False, log_profile=False, log_data=False, silent=False, verbose=True, profile=False, profile_kwargs=None, display=None)
2022-12-09 16:57:40,654:INFO:Checking environment
2022-12-09 16:57:40,654:INFO:python_version: 3.8.8
2022-12-09 16:57:40,654:INFO:python_build: ('default', 'Apr 13 2021 15:08:03')
2022-12-09 16:57:40,654:INFO:machine: AMD64
2022-12-09 16:57:40,654:INFO:platform: Windows-10-10.0.19041-SP0
2022-12-09 16:57:40,654:INFO:Memory: svmem(total=17059753984, available=9318047744, percent=45.4, used=7741706240, free=9318047744)
2022-12-09 16:57:40,654:INFO:Physical Core: 4
2022-12-09 16:57:40,654:INFO:Logical Core: 8
2022-12-09 16:57:40,654:INFO:Checking libraries
2022-12-09 16:57:40,654:INFO:pd==1.2.4
2022-12-09 16:57:40,654:INFO:numpy==1.20.1
2022-12-09 16:57:40,654:INFO:sklearn==1.1.1
2022-12-09 17:00:16,451:INFO:PyCaret Supervised Module
2022-12-09 17:00:16,452:INFO:ML Usecase: classification
2022-12-09 17:00:16,452:INFO:version 2.3.10
2022-12-09 17:00:16,452:INFO:Initializing setup()
2022-12-09 17:00:16,452:INFO:setup(target=RESPONSE, ml_usecase=classification, available_plots={'parameter': 'Hyperparameters', 'auc': 'AUC', 'confusion_matrix': 'Confusion Matrix', 'threshold': 'Threshold', 'pr': 'Precision Recall', 'error': 'Prediction Error', 'class_report': 'Class Report', 'rfe': 'Feature Selection', 'learning': 'Learning Curve', 'manifold': 'Manifold Learning', 'calibration': 'Calibration Curve', 'vc': 'Validation Curve', 'dimension': 'Dimensions', 'feature': 'Feature Importance', 'feature_all': 'Feature Importance (All)', 'boundary': 'Decision Boundary', 'lift': 'Lift Chart', 'gain': 'Gain Chart', 'tree': 'Decision Tree', 'ks': 'KS Statistic Plot'}, train_size=0.7, test_data=None, preprocess=True, imputation_type=simple, iterative_imputation_iters=5, categorical_features=None, categorical_imputation=constant, categorical_iterative_imputer=lightgbm, ordinal_features=None, high_cardinality_features=None, high_cardinality_method=frequency, numeric_features=None, numeric_imputation=mean, numeric_iterative_imputer=lightgbm, date_features=None, ignore_features=None, normalize=True, normalize_method=zscore, transformation=False, transformation_method=yeo-johnson, handle_unknown_categorical=True, unknown_categorical_method=least_frequent, pca=False, pca_method=linear, pca_components=None, ignore_low_variance=False, combine_rare_levels=False, rare_level_threshold=0.1, bin_numeric_features=None, remove_outliers=False, outliers_threshold=0.05, remove_multicollinearity=False, multicollinearity_threshold=0.9, remove_perfect_collinearity=True, create_clusters=False, cluster_iter=20, polynomial_features=False, polynomial_degree=2, trigonometry_features=False, polynomial_threshold=0.1, group_features=None, group_names=None, feature_selection=False, feature_selection_threshold=0.8, feature_selection_method=classic, feature_interaction=False, feature_ratio=False, interaction_threshold=0.01, fix_imbalance=True, fix_imbalance_method=None, transform_target=False, transform_target_method=box-cox, data_split_shuffle=True, data_split_stratify=False, fold_strategy=stratifiedkfold, fold=10, fold_shuffle=False, fold_groups=None, n_jobs=-1, use_gpu=False, custom_pipeline=None, html=True, session_id=None, log_experiment=False, experiment_name=None, experiment_custom_tags=None, log_plots=False, log_profile=False, log_data=False, silent=False, verbose=True, profile=False, profile_kwargs=None, display=None)
2022-12-09 17:00:16,452:INFO:Checking environment
2022-12-09 17:00:16,452:INFO:python_version: 3.8.8
2022-12-09 17:00:16,452:INFO:python_build: ('default', 'Apr 13 2021 15:08:03')
2022-12-09 17:00:16,452:INFO:machine: AMD64
2022-12-09 17:00:16,452:INFO:platform: Windows-10-10.0.19041-SP0
2022-12-09 17:00:16,452:INFO:Memory: svmem(total=17059753984, available=9329287168, percent=45.3, used=7730466816, free=9329287168)
2022-12-09 17:00:16,452:INFO:Physical Core: 4
2022-12-09 17:00:16,453:INFO:Logical Core: 8
2022-12-09 17:00:16,453:INFO:Checking libraries
2022-12-09 17:00:16,453:INFO:pd==1.2.4
2022-12-09 17:00:16,453:INFO:numpy==1.20.1
2022-12-09 17:00:16,453:INFO:sklearn==1.1.1
